Analysis & Synthesis report for smoothfilter
Tue Jul 12 06:01:51 2022
Quartus Prime Version 19.1.0 Build 670 09/22/2019 SJ Lite Edition


---------------------
; Table of Contents ;
---------------------
  1. Legal Notice
  2. Analysis & Synthesis Summary
  3. Analysis & Synthesis Settings
  4. Parallel Compilation
  5. Analysis & Synthesis Source Files Read
  6. Analysis & Synthesis Resource Usage Summary
  7. Analysis & Synthesis Resource Utilization by Entity
  8. Analysis & Synthesis RAM Summary
  9. Analysis & Synthesis DSP Block Usage Summary
 10. Registers Removed During Synthesis
 11. General Register Statistics
 12. Inverted Register Statistics
 13. Registers Added for RAM Pass-Through Logic
 14. Registers Packed Into Inferred Megafunctions
 15. Multiplexer Restructuring Statistics (Restructuring Performed)
 16. Source assignments for sram:buf0|altsyncram:mem_rtl_0|altsyncram_13k1:auto_generated
 17. Parameter Settings for User Entity Instance: sram:buf0
 18. Parameter Settings for Inferred Entity Instance: sram:buf0|altsyncram:mem_rtl_0
 19. altsyncram Parameter Settings by Entity Instance
 20. Post-Synthesis Netlist Statistics for Top Partition
 21. Elapsed Time Per Partition
 22. Analysis & Synthesis Messages
 23. Analysis & Synthesis Suppressed Messages



----------------
; Legal Notice ;
----------------
Copyright (C) 2019  Intel Corporation. All rights reserved.
Your use of Intel Corporation's design tools, logic functions 
and other software and tools, and any partner logic 
functions, and any output files from any of the foregoing 
(including device programming or simulation files), and any 
associated documentation or information are expressly subject 
to the terms and conditions of the Intel Program License 
Subscription Agreement, the Intel Quartus Prime License Agreement,
the Intel FPGA IP License Agreement, or other applicable license
agreement, including, without limitation, that your use is for
the sole purpose of programming logic devices manufactured by
Intel and sold by Intel or its authorized distributors.  Please
refer to the applicable agreement for further details, at
https://fpgasoftware.intel.com/eula.



+-------------------------------------------------------------------------------+
; Analysis & Synthesis Summary                                                  ;
+---------------------------------+---------------------------------------------+
; Analysis & Synthesis Status     ; Successful - Tue Jul 12 06:01:51 2022       ;
; Quartus Prime Version           ; 19.1.0 Build 670 09/22/2019 SJ Lite Edition ;
; Revision Name                   ; smoothfilter                                ;
; Top-level Entity Name           ; smoothfilter                                ;
; Family                          ; Cyclone V                                   ;
; Logic utilization (in ALMs)     ; N/A                                         ;
; Total registers                 ; 375                                         ;
; Total pins                      ; 33                                          ;
; Total virtual pins              ; 0                                           ;
; Total block memory bits         ; 4,096                                       ;
; Total DSP Blocks                ; 9                                           ;
; Total HSSI RX PCSs              ; 0                                           ;
; Total HSSI PMA RX Deserializers ; 0                                           ;
; Total HSSI TX PCSs              ; 0                                           ;
; Total HSSI PMA TX Serializers   ; 0                                           ;
; Total PLLs                      ; 0                                           ;
; Total DLLs                      ; 0                                           ;
+---------------------------------+---------------------------------------------+


+---------------------------------------------------------------------------------------------------------------------------+
; Analysis & Synthesis Settings                                                                                             ;
+---------------------------------------------------------------------------------+--------------------+--------------------+
; Option                                                                          ; Setting            ; Default Value      ;
+---------------------------------------------------------------------------------+--------------------+--------------------+
; Device                                                                          ; 5CSEMA5F31C6       ;                    ;
; Top-level entity name                                                           ; smoothfilter       ; smoothfilter       ;
; Family name                                                                     ; Cyclone V          ; Cyclone V          ;
; Use smart compilation                                                           ; Off                ; Off                ;
; Enable parallel Assembler and Timing Analyzer during compilation                ; On                 ; On                 ;
; Enable compact report table                                                     ; Off                ; Off                ;
; Restructure Multiplexers                                                        ; Auto               ; Auto               ;
; MLAB Add Timing Constraints For Mixed-Port Feed-Through Mode Setting Don't Care ; Off                ; Off                ;
; Create Debugging Nodes for IP Cores                                             ; Off                ; Off                ;
; Preserve fewer node names                                                       ; On                 ; On                 ;
; Intel FPGA IP Evaluation Mode                                                   ; Enable             ; Enable             ;
; Verilog Version                                                                 ; Verilog_2001       ; Verilog_2001       ;
; VHDL Version                                                                    ; VHDL_1993          ; VHDL_1993          ;
; State Machine Processing                                                        ; Auto               ; Auto               ;
; Safe State Machine                                                              ; Off                ; Off                ;
; Extract Verilog State Machines                                                  ; On                 ; On                 ;
; Extract VHDL State Machines                                                     ; On                 ; On                 ;
; Ignore Verilog initial constructs                                               ; Off                ; Off                ;
; Iteration limit for constant Verilog loops                                      ; 5000               ; 5000               ;
; Iteration limit for non-constant Verilog loops                                  ; 250                ; 250                ;
; Add Pass-Through Logic to Inferred RAMs                                         ; On                 ; On                 ;
; Infer RAMs from Raw Logic                                                       ; On                 ; On                 ;
; Parallel Synthesis                                                              ; On                 ; On                 ;
; DSP Block Balancing                                                             ; Auto               ; Auto               ;
; NOT Gate Push-Back                                                              ; On                 ; On                 ;
; Power-Up Don't Care                                                             ; On                 ; On                 ;
; Remove Redundant Logic Cells                                                    ; Off                ; Off                ;
; Remove Duplicate Registers                                                      ; On                 ; On                 ;
; Ignore CARRY Buffers                                                            ; Off                ; Off                ;
; Ignore CASCADE Buffers                                                          ; Off                ; Off                ;
; Ignore GLOBAL Buffers                                                           ; Off                ; Off                ;
; Ignore ROW GLOBAL Buffers                                                       ; Off                ; Off                ;
; Ignore LCELL Buffers                                                            ; Off                ; Off                ;
; Ignore SOFT Buffers                                                             ; On                 ; On                 ;
; Limit AHDL Integers to 32 Bits                                                  ; Off                ; Off                ;
; Optimization Technique                                                          ; Balanced           ; Balanced           ;
; Carry Chain Length                                                              ; 70                 ; 70                 ;
; Auto Carry Chains                                                               ; On                 ; On                 ;
; Auto Open-Drain Pins                                                            ; On                 ; On                 ;
; Perform WYSIWYG Primitive Resynthesis                                           ; Off                ; Off                ;
; Auto ROM Replacement                                                            ; On                 ; On                 ;
; Auto RAM Replacement                                                            ; On                 ; On                 ;
; Auto DSP Block Replacement                                                      ; On                 ; On                 ;
; Auto Shift Register Replacement                                                 ; Auto               ; Auto               ;
; Allow Shift Register Merging across Hierarchies                                 ; Auto               ; Auto               ;
; Auto Clock Enable Replacement                                                   ; On                 ; On                 ;
; Strict RAM Replacement                                                          ; Off                ; Off                ;
; Allow Synchronous Control Signals                                               ; On                 ; On                 ;
; Force Use of Synchronous Clear Signals                                          ; Off                ; Off                ;
; Auto Resource Sharing                                                           ; Off                ; Off                ;
; Allow Any RAM Size For Recognition                                              ; Off                ; Off                ;
; Allow Any ROM Size For Recognition                                              ; Off                ; Off                ;
; Allow Any Shift Register Size For Recognition                                   ; Off                ; Off                ;
; Use LogicLock Constraints during Resource Balancing                             ; On                 ; On                 ;
; Ignore translate_off and synthesis_off directives                               ; Off                ; Off                ;
; Timing-Driven Synthesis                                                         ; On                 ; On                 ;
; Report Parameter Settings                                                       ; On                 ; On                 ;
; Report Source Assignments                                                       ; On                 ; On                 ;
; Report Connectivity Checks                                                      ; On                 ; On                 ;
; Ignore Maximum Fan-Out Assignments                                              ; Off                ; Off                ;
; Synchronization Register Chain Length                                           ; 3                  ; 3                  ;
; Power Optimization During Synthesis                                             ; Normal compilation ; Normal compilation ;
; HDL message level                                                               ; Level2             ; Level2             ;
; Suppress Register Optimization Related Messages                                 ; Off                ; Off                ;
; Number of Removed Registers Reported in Synthesis Report                        ; 5000               ; 5000               ;
; Number of Swept Nodes Reported in Synthesis Report                              ; 5000               ; 5000               ;
; Number of Inverted Registers Reported in Synthesis Report                       ; 100                ; 100                ;
; Clock MUX Protection                                                            ; On                 ; On                 ;
; Auto Gated Clock Conversion                                                     ; Off                ; Off                ;
; Block Design Naming                                                             ; Auto               ; Auto               ;
; SDC constraint protection                                                       ; Off                ; Off                ;
; Synthesis Effort                                                                ; Auto               ; Auto               ;
; Shift Register Replacement - Allow Asynchronous Clear Signal                    ; On                 ; On                 ;
; Pre-Mapping Resynthesis Optimization                                            ; Off                ; Off                ;
; Analysis & Synthesis Message Level                                              ; Medium             ; Medium             ;
; Disable Register Merging Across Hierarchies                                     ; Auto               ; Auto               ;
; Resource Aware Inference For Block RAM                                          ; On                 ; On                 ;
; Automatic Parallel Synthesis                                                    ; On                 ; On                 ;
; Partial Reconfiguration Bitstream ID                                            ; Off                ; Off                ;
+---------------------------------------------------------------------------------+--------------------+--------------------+


+------------------------------------------+
; Parallel Compilation                     ;
+----------------------------+-------------+
; Processors                 ; Number      ;
+----------------------------+-------------+
; Number detected on machine ; 4           ;
; Maximum allowed            ; 4           ;
;                            ;             ;
; Average used               ; 1.00        ;
; Maximum used               ; 4           ;
;                            ;             ;
; Usage by Processor         ; % Time Used ;
;     Processor 1            ; 100.0%      ;
;     Processor 2            ;   0.0%      ;
;     Processor 3            ;   0.0%      ;
;     Processor 4            ;   0.0%      ;
+----------------------------+-------------+


+----------------------------------------------------------------------------------------------------------------------------------------------------------------------------+
; Analysis & Synthesis Source Files Read                                                                                                                                     ;
+----------------------------------+-----------------+------------------------------+------------------------------------------------------------------------------+---------+
; File Name with User-Entered Path ; Used in Netlist ; File Type                    ; File Name with Absolute Path                                                 ; Library ;
+----------------------------------+-----------------+------------------------------+------------------------------------------------------------------------------+---------+
; smoothfilter.v                   ; yes             ; User Verilog HDL File        ; C:/intelFPGA_lite/19.1/smooth_op/smoothfilter.v                              ;         ;
; sram.v                           ; yes             ; User Verilog HDL File        ; C:/intelFPGA_lite/19.1/smooth_op/sram.v                                      ;         ;
; altsyncram.tdf                   ; yes             ; Megafunction                 ; c:/intelfpga_lite/19.1/quartus/libraries/megafunctions/altsyncram.tdf        ;         ;
; stratix_ram_block.inc            ; yes             ; Megafunction                 ; c:/intelfpga_lite/19.1/quartus/libraries/megafunctions/stratix_ram_block.inc ;         ;
; lpm_mux.inc                      ; yes             ; Megafunction                 ; c:/intelfpga_lite/19.1/quartus/libraries/megafunctions/lpm_mux.inc           ;         ;
; lpm_decode.inc                   ; yes             ; Megafunction                 ; c:/intelfpga_lite/19.1/quartus/libraries/megafunctions/lpm_decode.inc        ;         ;
; aglobal191.inc                   ; yes             ; Megafunction                 ; c:/intelfpga_lite/19.1/quartus/libraries/megafunctions/aglobal191.inc        ;         ;
; a_rdenreg.inc                    ; yes             ; Megafunction                 ; c:/intelfpga_lite/19.1/quartus/libraries/megafunctions/a_rdenreg.inc         ;         ;
; altrom.inc                       ; yes             ; Megafunction                 ; c:/intelfpga_lite/19.1/quartus/libraries/megafunctions/altrom.inc            ;         ;
; altram.inc                       ; yes             ; Megafunction                 ; c:/intelfpga_lite/19.1/quartus/libraries/megafunctions/altram.inc            ;         ;
; altdpram.inc                     ; yes             ; Megafunction                 ; c:/intelfpga_lite/19.1/quartus/libraries/megafunctions/altdpram.inc          ;         ;
; db/altsyncram_13k1.tdf           ; yes             ; Auto-Generated Megafunction  ; C:/intelFPGA_lite/19.1/smooth_op/db/altsyncram_13k1.tdf                      ;         ;
+----------------------------------+-----------------+------------------------------+------------------------------------------------------------------------------+---------+


+---------------------------------------------------------+
; Analysis & Synthesis Resource Usage Summary             ;
+---------------------------------------------+-----------+
; Resource                                    ; Usage     ;
+---------------------------------------------+-----------+
; Estimate of Logic utilization (ALMs needed) ; 215       ;
;                                             ;           ;
; Combinational ALUT usage for logic          ; 193       ;
;     -- 7 input functions                    ; 0         ;
;     -- 6 input functions                    ; 24        ;
;     -- 5 input functions                    ; 14        ;
;     -- 4 input functions                    ; 7         ;
;     -- <=3 input functions                  ; 148       ;
;                                             ;           ;
; Dedicated logic registers                   ; 375       ;
;                                             ;           ;
; I/O pins                                    ; 33        ;
; Total MLAB memory bits                      ; 0         ;
; Total block memory bits                     ; 4096      ;
;                                             ;           ;
; Total DSP Blocks                            ; 9         ;
;                                             ;           ;
; Maximum fan-out node                        ; clk~input ;
; Maximum fan-out                             ; 383       ;
; Total fan-out                               ; 2541      ;
; Average fan-out                             ; 3.90      ;
+---------------------------------------------+-----------+


+-------------------------------------------------------------------------------------------------------------------------------------------------------------------------------------------------------------------------------------------------------------------+
; Analysis & Synthesis Resource Utilization by Entity                                                                                                                                                                                                               ;
+-------------------------------------------+---------------------+---------------------------+-------------------+------------+------+--------------+-----------------------------------------------------------------------------+-----------------+--------------+
; Compilation Hierarchy Node                ; Combinational ALUTs ; Dedicated Logic Registers ; Block Memory Bits ; DSP Blocks ; Pins ; Virtual Pins ; Full Hierarchy Name                                                         ; Entity Name     ; Library Name ;
+-------------------------------------------+---------------------+---------------------------+-------------------+------------+------+--------------+-----------------------------------------------------------------------------+-----------------+--------------+
; |smoothfilter                             ; 193 (181)           ; 375 (348)                 ; 4096              ; 9          ; 33   ; 0            ; |smoothfilter                                                               ; smoothfilter    ; work         ;
;    |sram:buf0|                            ; 12 (12)             ; 27 (27)                   ; 4096              ; 0          ; 0    ; 0            ; |smoothfilter|sram:buf0                                                     ; sram            ; work         ;
;       |altsyncram:mem_rtl_0|              ; 0 (0)               ; 0 (0)                     ; 4096              ; 0          ; 0    ; 0            ; |smoothfilter|sram:buf0|altsyncram:mem_rtl_0                                ; altsyncram      ; work         ;
;          |altsyncram_13k1:auto_generated| ; 0 (0)               ; 0 (0)                     ; 4096              ; 0          ; 0    ; 0            ; |smoothfilter|sram:buf0|altsyncram:mem_rtl_0|altsyncram_13k1:auto_generated ; altsyncram_13k1 ; work         ;
+-------------------------------------------+---------------------+---------------------------+-------------------+------------+------+--------------+-----------------------------------------------------------------------------+-----------------+--------------+
Note: For table entries with two numbers listed, the numbers in parentheses indicate the number of resources of the given type used by the specific entity alone. The numbers listed outside of parentheses indicate the total resources of the given type used by the specific entity and all of its sub-entities in the hierarchy.


+------------------------------------------------------------------------------------------------------------------------------------------------------------------------------+
; Analysis & Synthesis RAM Summary                                                                                                                                             ;
+--------------------------------------------------------------------------+------+------------------+--------------+--------------+--------------+--------------+------+------+
; Name                                                                     ; Type ; Mode             ; Port A Depth ; Port A Width ; Port B Depth ; Port B Width ; Size ; MIF  ;
+--------------------------------------------------------------------------+------+------------------+--------------+--------------+--------------+--------------+------+------+
; sram:buf0|altsyncram:mem_rtl_0|altsyncram_13k1:auto_generated|ALTSYNCRAM ; AUTO ; Simple Dual Port ; 512          ; 8            ; 512          ; 8            ; 4096 ; None ;
+--------------------------------------------------------------------------+------+------------------+--------------+--------------+--------------+--------------+------+------+


+-----------------------------------------------+
; Analysis & Synthesis DSP Block Usage Summary  ;
+---------------------------------+-------------+
; Statistic                       ; Number Used ;
+---------------------------------+-------------+
; Independent 9x9                 ; 9           ;
; Total number of DSP blocks      ; 9           ;
;                                 ;             ;
; Fixed Point Unsigned Multiplier ; 9           ;
+---------------------------------+-------------+


+--------------------------------------------------------------------------------+
; Registers Removed During Synthesis                                             ;
+---------------------------------------+----------------------------------------+
; Register name                         ; Reason for Removal                     ;
+---------------------------------------+----------------------------------------+
; cnt[3]                                ; Stuck at GND due to stuck port data_in ;
; Total Number of Removed Registers = 1 ;                                        ;
+---------------------------------------+----------------------------------------+


+------------------------------------------------------+
; General Register Statistics                          ;
+----------------------------------------------+-------+
; Statistic                                    ; Value ;
+----------------------------------------------+-------+
; Total registers                              ; 375   ;
; Number of registers using Synchronous Clear  ; 137   ;
; Number of registers using Synchronous Load   ; 0     ;
; Number of registers using Asynchronous Clear ; 348   ;
; Number of registers using Asynchronous Load  ; 0     ;
; Number of registers using Clock Enable       ; 352   ;
; Number of registers using Preset             ; 0     ;
+----------------------------------------------+-------+


+---------------------------------------------------+
; Inverted Register Statistics                      ;
+-----------------------------------------+---------+
; Inverted Register                       ; Fan out ;
+-----------------------------------------+---------+
; cnt[0]                                  ; 11      ;
; garbage                                 ; 4       ;
; cnt[2]                                  ; 11      ;
; cnt[1]                                  ; 10      ;
; cnt_x[7]                                ; 3       ;
; cnt_x[6]                                ; 3       ;
; cnt_x[5]                                ; 3       ;
; cnt_x[4]                                ; 3       ;
; cnt_x[3]                                ; 3       ;
; cnt_x[2]                                ; 3       ;
; cnt_x[1]                                ; 5       ;
; cnt_y[7]                                ; 3       ;
; cnt_y[6]                                ; 3       ;
; cnt_y[5]                                ; 3       ;
; cnt_y[4]                                ; 3       ;
; cnt_y[3]                                ; 3       ;
; cnt_y[2]                                ; 3       ;
; cnt_y[1]                                ; 5       ;
; kernel[6][3]                            ; 1       ;
; kernel[7][4]                            ; 1       ;
; kernel[8][3]                            ; 1       ;
; kernel[3][4]                            ; 1       ;
; kernel[4][5]                            ; 1       ;
; kernel[5][4]                            ; 1       ;
; kernel[0][3]                            ; 1       ;
; kernel[1][4]                            ; 1       ;
; kernel[2][3]                            ; 1       ;
; Total number of inverted registers = 27 ;         ;
+-----------------------------------------+---------+


+------------------------------------------------------+
; Registers Added for RAM Pass-Through Logic           ;
+--------------------------------+---------------------+
; Register Name                  ; RAM Name            ;
+--------------------------------+---------------------+
; sram:buf0|mem_rtl_0_bypass[0]  ; sram:buf0|mem_rtl_0 ;
; sram:buf0|mem_rtl_0_bypass[1]  ; sram:buf0|mem_rtl_0 ;
; sram:buf0|mem_rtl_0_bypass[2]  ; sram:buf0|mem_rtl_0 ;
; sram:buf0|mem_rtl_0_bypass[3]  ; sram:buf0|mem_rtl_0 ;
; sram:buf0|mem_rtl_0_bypass[4]  ; sram:buf0|mem_rtl_0 ;
; sram:buf0|mem_rtl_0_bypass[5]  ; sram:buf0|mem_rtl_0 ;
; sram:buf0|mem_rtl_0_bypass[6]  ; sram:buf0|mem_rtl_0 ;
; sram:buf0|mem_rtl_0_bypass[7]  ; sram:buf0|mem_rtl_0 ;
; sram:buf0|mem_rtl_0_bypass[8]  ; sram:buf0|mem_rtl_0 ;
; sram:buf0|mem_rtl_0_bypass[9]  ; sram:buf0|mem_rtl_0 ;
; sram:buf0|mem_rtl_0_bypass[10] ; sram:buf0|mem_rtl_0 ;
; sram:buf0|mem_rtl_0_bypass[11] ; sram:buf0|mem_rtl_0 ;
; sram:buf0|mem_rtl_0_bypass[12] ; sram:buf0|mem_rtl_0 ;
; sram:buf0|mem_rtl_0_bypass[13] ; sram:buf0|mem_rtl_0 ;
; sram:buf0|mem_rtl_0_bypass[14] ; sram:buf0|mem_rtl_0 ;
; sram:buf0|mem_rtl_0_bypass[15] ; sram:buf0|mem_rtl_0 ;
; sram:buf0|mem_rtl_0_bypass[16] ; sram:buf0|mem_rtl_0 ;
; sram:buf0|mem_rtl_0_bypass[17] ; sram:buf0|mem_rtl_0 ;
; sram:buf0|mem_rtl_0_bypass[18] ; sram:buf0|mem_rtl_0 ;
; sram:buf0|mem_rtl_0_bypass[19] ; sram:buf0|mem_rtl_0 ;
; sram:buf0|mem_rtl_0_bypass[20] ; sram:buf0|mem_rtl_0 ;
; sram:buf0|mem_rtl_0_bypass[21] ; sram:buf0|mem_rtl_0 ;
; sram:buf0|mem_rtl_0_bypass[22] ; sram:buf0|mem_rtl_0 ;
; sram:buf0|mem_rtl_0_bypass[23] ; sram:buf0|mem_rtl_0 ;
; sram:buf0|mem_rtl_0_bypass[24] ; sram:buf0|mem_rtl_0 ;
; sram:buf0|mem_rtl_0_bypass[25] ; sram:buf0|mem_rtl_0 ;
; sram:buf0|mem_rtl_0_bypass[26] ; sram:buf0|mem_rtl_0 ;
+--------------------------------+---------------------+


+-----------------------------------------------------+
; Registers Packed Into Inferred Megafunctions        ;
+------------------------+---------------------+------+
; Register Name          ; Megafunction        ; Type ;
+------------------------+---------------------+------+
; sram:buf0|r_addr[0..8] ; sram:buf0|mem_rtl_0 ; RAM  ;
+------------------------+---------------------+------+


+------------------------------------------------------------------------------------------------------------------------------------------+
; Multiplexer Restructuring Statistics (Restructuring Performed)                                                                           ;
+--------------------+-----------+---------------+----------------------+------------------------+------------+----------------------------+
; Multiplexer Inputs ; Bus Width ; Baseline Area ; Area if Restructured ; Saving if Restructured ; Registered ; Example Multiplexer Output ;
+--------------------+-----------+---------------+----------------------+------------------------+------------+----------------------------+
; 3:1                ; 3 bits    ; 6 LEs         ; 3 LEs                ; 3 LEs                  ; Yes        ; |smoothfilter|cnt[1]       ;
+--------------------+-----------+---------------+----------------------+------------------------+------------+----------------------------+


+--------------------------------------------------------------------------------------+
; Source assignments for sram:buf0|altsyncram:mem_rtl_0|altsyncram_13k1:auto_generated ;
+---------------------------------+--------------------+------+------------------------+
; Assignment                      ; Value              ; From ; To                     ;
+---------------------------------+--------------------+------+------------------------+
; OPTIMIZE_POWER_DURING_SYNTHESIS ; NORMAL_COMPILATION ; -    ; -                      ;
+---------------------------------+--------------------+------+------------------------+


+--------------------------------------------------------+
; Parameter Settings for User Entity Instance: sram:buf0 ;
+----------------+-------+-------------------------------+
; Parameter Name ; Value ; Type                          ;
+----------------+-------+-------------------------------+
; WIDTH          ; 8     ; Signed Integer                ;
; DEPTH          ; 512   ; Signed Integer                ;
+----------------+-------+-------------------------------+
Note: In order to hide this table in the UI and the text report file, please set the "Show Parameter Settings in Synthesis Report" option in "Analysis and Synthesis Settings -> More Settings" to "Off".


+---------------------------------------------------------------------------------+
; Parameter Settings for Inferred Entity Instance: sram:buf0|altsyncram:mem_rtl_0 ;
+------------------------------------+----------------------+---------------------+
; Parameter Name                     ; Value                ; Type                ;
+------------------------------------+----------------------+---------------------+
; BYTE_SIZE_BLOCK                    ; 8                    ; Untyped             ;
; AUTO_CARRY_CHAINS                  ; ON                   ; AUTO_CARRY          ;
; IGNORE_CARRY_BUFFERS               ; OFF                  ; IGNORE_CARRY        ;
; AUTO_CASCADE_CHAINS                ; ON                   ; AUTO_CASCADE        ;
; IGNORE_CASCADE_BUFFERS             ; OFF                  ; IGNORE_CASCADE      ;
; WIDTH_BYTEENA                      ; 1                    ; Untyped             ;
; OPERATION_MODE                     ; DUAL_PORT            ; Untyped             ;
; WIDTH_A                            ; 8                    ; Untyped             ;
; WIDTHAD_A                          ; 9                    ; Untyped             ;
; NUMWORDS_A                         ; 512                  ; Untyped             ;
; OUTDATA_REG_A                      ; UNREGISTERED         ; Untyped             ;
; ADDRESS_ACLR_A                     ; NONE                 ; Untyped             ;
; OUTDATA_ACLR_A                     ; NONE                 ; Untyped             ;
; WRCONTROL_ACLR_A                   ; NONE                 ; Untyped             ;
; INDATA_ACLR_A                      ; NONE                 ; Untyped             ;
; BYTEENA_ACLR_A                     ; NONE                 ; Untyped             ;
; WIDTH_B                            ; 8                    ; Untyped             ;
; WIDTHAD_B                          ; 9                    ; Untyped             ;
; NUMWORDS_B                         ; 512                  ; Untyped             ;
; INDATA_REG_B                       ; CLOCK1               ; Untyped             ;
; WRCONTROL_WRADDRESS_REG_B          ; CLOCK1               ; Untyped             ;
; RDCONTROL_REG_B                    ; CLOCK1               ; Untyped             ;
; ADDRESS_REG_B                      ; CLOCK0               ; Untyped             ;
; OUTDATA_REG_B                      ; UNREGISTERED         ; Untyped             ;
; BYTEENA_REG_B                      ; CLOCK1               ; Untyped             ;
; INDATA_ACLR_B                      ; NONE                 ; Untyped             ;
; WRCONTROL_ACLR_B                   ; NONE                 ; Untyped             ;
; ADDRESS_ACLR_B                     ; NONE                 ; Untyped             ;
; OUTDATA_ACLR_B                     ; NONE                 ; Untyped             ;
; RDCONTROL_ACLR_B                   ; NONE                 ; Untyped             ;
; BYTEENA_ACLR_B                     ; NONE                 ; Untyped             ;
; WIDTH_BYTEENA_A                    ; 1                    ; Untyped             ;
; WIDTH_BYTEENA_B                    ; 1                    ; Untyped             ;
; RAM_BLOCK_TYPE                     ; AUTO                 ; Untyped             ;
; BYTE_SIZE                          ; 8                    ; Untyped             ;
; READ_DURING_WRITE_MODE_MIXED_PORTS ; DONT_CARE            ; Untyped             ;
; READ_DURING_WRITE_MODE_PORT_A      ; NEW_DATA_NO_NBE_READ ; Untyped             ;
; READ_DURING_WRITE_MODE_PORT_B      ; NEW_DATA_NO_NBE_READ ; Untyped             ;
; INIT_FILE                          ; UNUSED               ; Untyped             ;
; INIT_FILE_LAYOUT                   ; PORT_A               ; Untyped             ;
; MAXIMUM_DEPTH                      ; 0                    ; Untyped             ;
; CLOCK_ENABLE_INPUT_A               ; NORMAL               ; Untyped             ;
; CLOCK_ENABLE_INPUT_B               ; NORMAL               ; Untyped             ;
; CLOCK_ENABLE_OUTPUT_A              ; NORMAL               ; Untyped             ;
; CLOCK_ENABLE_OUTPUT_B              ; NORMAL               ; Untyped             ;
; CLOCK_ENABLE_CORE_A                ; USE_INPUT_CLKEN      ; Untyped             ;
; CLOCK_ENABLE_CORE_B                ; USE_INPUT_CLKEN      ; Untyped             ;
; ENABLE_ECC                         ; FALSE                ; Untyped             ;
; ECC_PIPELINE_STAGE_ENABLED         ; FALSE                ; Untyped             ;
; WIDTH_ECCSTATUS                    ; 3                    ; Untyped             ;
; DEVICE_FAMILY                      ; Cyclone V            ; Untyped             ;
; CBXI_PARAMETER                     ; altsyncram_13k1      ; Untyped             ;
+------------------------------------+----------------------+---------------------+
Note: In order to hide this table in the UI and the text report file, please set the "Show Parameter Settings in Synthesis Report" option in "Analysis and Synthesis Settings -> More Settings" to "Off".


+----------------------------------------------------------------------------+
; altsyncram Parameter Settings by Entity Instance                           ;
+-------------------------------------------+--------------------------------+
; Name                                      ; Value                          ;
+-------------------------------------------+--------------------------------+
; Number of entity instances                ; 1                              ;
; Entity Instance                           ; sram:buf0|altsyncram:mem_rtl_0 ;
;     -- OPERATION_MODE                     ; DUAL_PORT                      ;
;     -- WIDTH_A                            ; 8                              ;
;     -- NUMWORDS_A                         ; 512                            ;
;     -- OUTDATA_REG_A                      ; UNREGISTERED                   ;
;     -- WIDTH_B                            ; 8                              ;
;     -- NUMWORDS_B                         ; 512                            ;
;     -- ADDRESS_REG_B                      ; CLOCK0                         ;
;     -- OUTDATA_REG_B                      ; UNREGISTERED                   ;
;     -- RAM_BLOCK_TYPE                     ; AUTO                           ;
;     -- READ_DURING_WRITE_MODE_MIXED_PORTS ; DONT_CARE                      ;
+-------------------------------------------+--------------------------------+


+-----------------------------------------------------+
; Post-Synthesis Netlist Statistics for Top Partition ;
+-----------------------+-----------------------------+
; Type                  ; Count                       ;
+-----------------------+-----------------------------+
; arriav_ff             ; 375                         ;
;     CLR               ; 5                           ;
;     ENA               ; 9                           ;
;     ENA CLR           ; 206                         ;
;     ENA CLR SCLR      ; 137                         ;
;     plain             ; 18                          ;
; arriav_lcell_comb     ; 193                         ;
;     arith             ; 38                          ;
;         1 data inputs ; 37                          ;
;         2 data inputs ; 1                           ;
;     normal            ; 81                          ;
;         1 data inputs ; 23                          ;
;         2 data inputs ; 5                           ;
;         3 data inputs ; 8                           ;
;         4 data inputs ; 7                           ;
;         5 data inputs ; 14                          ;
;         6 data inputs ; 24                          ;
;     shared            ; 74                          ;
;         3 data inputs ; 74                          ;
; arriav_mac            ; 9                           ;
; boundary_port         ; 33                          ;
; stratixv_ram_block    ; 8                           ;
;                       ;                             ;
; Max LUT depth         ; 3.90                        ;
; Average LUT depth     ; 1.86                        ;
+-----------------------+-----------------------------+


+-------------------------------+
; Elapsed Time Per Partition    ;
+----------------+--------------+
; Partition Name ; Elapsed Time ;
+----------------+--------------+
; Top            ; 00:00:00     ;
+----------------+--------------+


+-------------------------------+
; Analysis & Synthesis Messages ;
+-------------------------------+
Info: *******************************************************************
Info: Running Quartus Prime Analysis & Synthesis
    Info: Version 19.1.0 Build 670 09/22/2019 SJ Lite Edition
    Info: Processing started: Tue Jul 12 06:01:41 2022
Info: Command: quartus_map --read_settings_files=on --write_settings_files=off smoothfilter -c smoothfilter
Warning (18236): Number of processors has not been specified which may cause overloading on shared machines.  Set the global assignment NUM_PARALLEL_PROCESSORS in your QSF to an appropriate value for best performance.
Info (20030): Parallel compilation is enabled and will use 4 of the 4 processors detected
Info (12021): Found 1 design units, including 1 entities, in source file smoothfilter.v
    Info (12023): Found entity 1: smoothfilter File: C:/intelFPGA_lite/19.1/smooth_op/smoothfilter.v Line: 1
Info (12021): Found 1 design units, including 1 entities, in source file sram.v
    Info (12023): Found entity 1: sram File: C:/intelFPGA_lite/19.1/smooth_op/sram.v Line: 1
Info (12021): Found 1 design units, including 1 entities, in source file tb_smoothfilter.v
    Info (12023): Found entity 1: tb_smoothfilter File: C:/intelFPGA_lite/19.1/smooth_op/tb_smoothfilter.v Line: 1
Info (12127): Elaborating entity "smoothfilter" for the top level hierarchy
Warning (10230): Verilog HDL assignment warning at smoothfilter.v(35): truncated value with size 32 to match size of target (8) File: C:/intelFPGA_lite/19.1/smooth_op/smoothfilter.v Line: 35
Warning (10230): Verilog HDL assignment warning at smoothfilter.v(37): truncated value with size 32 to match size of target (8) File: C:/intelFPGA_lite/19.1/smooth_op/smoothfilter.v Line: 37
Warning (10230): Verilog HDL assignment warning at smoothfilter.v(47): truncated value with size 32 to match size of target (4) File: C:/intelFPGA_lite/19.1/smooth_op/smoothfilter.v Line: 47
Warning (10230): Verilog HDL assignment warning at smoothfilter.v(92): truncated value with size 32 to match size of target (9) File: C:/intelFPGA_lite/19.1/smooth_op/smoothfilter.v Line: 92
Warning (10230): Verilog HDL assignment warning at smoothfilter.v(101): truncated value with size 32 to match size of target (9) File: C:/intelFPGA_lite/19.1/smooth_op/smoothfilter.v Line: 101
Warning (10230): Verilog HDL assignment warning at smoothfilter.v(156): truncated value with size 32 to match size of target (16) File: C:/intelFPGA_lite/19.1/smooth_op/smoothfilter.v Line: 156
Warning (10230): Verilog HDL assignment warning at smoothfilter.v(157): truncated value with size 32 to match size of target (16) File: C:/intelFPGA_lite/19.1/smooth_op/smoothfilter.v Line: 157
Warning (10230): Verilog HDL assignment warning at smoothfilter.v(158): truncated value with size 32 to match size of target (16) File: C:/intelFPGA_lite/19.1/smooth_op/smoothfilter.v Line: 158
Warning (10230): Verilog HDL assignment warning at smoothfilter.v(159): truncated value with size 32 to match size of target (16) File: C:/intelFPGA_lite/19.1/smooth_op/smoothfilter.v Line: 159
Warning (10230): Verilog HDL assignment warning at smoothfilter.v(161): truncated value with size 32 to match size of target (16) File: C:/intelFPGA_lite/19.1/smooth_op/smoothfilter.v Line: 161
Warning (10230): Verilog HDL assignment warning at smoothfilter.v(162): truncated value with size 32 to match size of target (16) File: C:/intelFPGA_lite/19.1/smooth_op/smoothfilter.v Line: 162
Warning (10230): Verilog HDL assignment warning at smoothfilter.v(163): truncated value with size 32 to match size of target (16) File: C:/intelFPGA_lite/19.1/smooth_op/smoothfilter.v Line: 163
Warning (10230): Verilog HDL assignment warning at smoothfilter.v(164): truncated value with size 32 to match size of target (16) File: C:/intelFPGA_lite/19.1/smooth_op/smoothfilter.v Line: 164
Warning (10240): Verilog HDL Always Construct warning at smoothfilter.v(146): inferring latch(es) for variable "i", which holds its previous value in one or more paths through the always construct File: C:/intelFPGA_lite/19.1/smooth_op/smoothfilter.v Line: 146
Warning (10240): Verilog HDL Always Construct warning at smoothfilter.v(146): inferring latch(es) for variable "j", which holds its previous value in one or more paths through the always construct File: C:/intelFPGA_lite/19.1/smooth_op/smoothfilter.v Line: 146
Warning (10230): Verilog HDL assignment warning at smoothfilter.v(192): truncated value with size 32 to match size of target (20) File: C:/intelFPGA_lite/19.1/smooth_op/smoothfilter.v Line: 192
Warning (10230): Verilog HDL assignment warning at smoothfilter.v(194): truncated value with size 32 to match size of target (8) File: C:/intelFPGA_lite/19.1/smooth_op/smoothfilter.v Line: 194
Info (10008): Verilog HDL or VHDL information: EDA Netlist Writer cannot regroup multidimensional array "ibuf" into its bus
Info (10008): Verilog HDL or VHDL information: EDA Netlist Writer cannot regroup multidimensional array "mul" into its bus
Info (12128): Elaborating entity "sram" for hierarchy "sram:buf0" File: C:/intelFPGA_lite/19.1/smooth_op/smoothfilter.v Line: 121
Warning (276020): Inferred RAM node "sram:buf0|mem_rtl_0" from synchronous design logic.  Pass-through logic has been added to match the read-during-write behavior of the original design.
Info (19000): Inferred 1 megafunctions from design logic
    Info (276029): Inferred altsyncram megafunction from the following design logic: "sram:buf0|mem_rtl_0" 
        Info (286033): Parameter OPERATION_MODE set to DUAL_PORT
        Info (286033): Parameter WIDTH_A set to 8
        Info (286033): Parameter WIDTHAD_A set to 9
        Info (286033): Parameter NUMWORDS_A set to 512
        Info (286033): Parameter WIDTH_B set to 8
        Info (286033): Parameter WIDTHAD_B set to 9
        Info (286033): Parameter NUMWORDS_B set to 512
        Info (286033): Parameter ADDRESS_ACLR_A set to NONE
        Info (286033): Parameter OUTDATA_REG_B set to UNREGISTERED
        Info (286033): Parameter ADDRESS_ACLR_B set to NONE
        Info (286033): Parameter OUTDATA_ACLR_B set to NONE
        Info (286033): Parameter ADDRESS_REG_B set to CLOCK0
        Info (286033): Parameter INDATA_ACLR_A set to NONE
        Info (286033): Parameter WRCONTROL_ACLR_A set to NONE
Info (12130): Elaborated megafunction instantiation "sram:buf0|altsyncram:mem_rtl_0"
Info (12133): Instantiated megafunction "sram:buf0|altsyncram:mem_rtl_0" with the following parameter:
    Info (12134): Parameter "OPERATION_MODE" = "DUAL_PORT"
    Info (12134): Parameter "WIDTH_A" = "8"
    Info (12134): Parameter "WIDTHAD_A" = "9"
    Info (12134): Parameter "NUMWORDS_A" = "512"
    Info (12134): Parameter "WIDTH_B" = "8"
    Info (12134): Parameter "WIDTHAD_B" = "9"
    Info (12134): Parameter "NUMWORDS_B" = "512"
    Info (12134): Parameter "ADDRESS_ACLR_A" = "NONE"
    Info (12134): Parameter "OUTDATA_REG_B" = "UNREGISTERED"
    Info (12134): Parameter "ADDRESS_ACLR_B" = "NONE"
    Info (12134): Parameter "OUTDATA_ACLR_B" = "NONE"
    Info (12134): Parameter "ADDRESS_REG_B" = "CLOCK0"
    Info (12134): Parameter "INDATA_ACLR_A" = "NONE"
    Info (12134): Parameter "WRCONTROL_ACLR_A" = "NONE"
Info (12021): Found 1 design units, including 1 entities, in source file db/altsyncram_13k1.tdf
    Info (12023): Found entity 1: altsyncram_13k1 File: C:/intelFPGA_lite/19.1/smooth_op/db/altsyncram_13k1.tdf Line: 28
Info (286030): Timing-Driven Synthesis is running
Info (144001): Generated suppressed messages file C:/intelFPGA_lite/19.1/smooth_op/output_files/smoothfilter.map.smsg
Info (16010): Generating hard_block partition "hard_block:auto_generated_inst"
    Info (16011): Adding 0 node(s), including 0 DDIO, 0 PLL, 0 transceiver and 0 LCELL
Info (21057): Implemented 558 device resources after synthesis - the final resource count might be different
    Info (21058): Implemented 24 input pins
    Info (21059): Implemented 9 output pins
    Info (21061): Implemented 508 logic cells
    Info (21064): Implemented 8 RAM segments
    Info (21062): Implemented 9 DSP elements
Info: Quartus Prime Analysis & Synthesis was successful. 0 errors, 19 warnings
    Info: Peak virtual memory: 706 megabytes
    Info: Processing ended: Tue Jul 12 06:01:51 2022
    Info: Elapsed time: 00:00:10
    Info: Total CPU time (on all processors): 00:00:20


+------------------------------------------+
; Analysis & Synthesis Suppressed Messages ;
+------------------------------------------+
The suppressed messages can be found in C:/intelFPGA_lite/19.1/smooth_op/output_files/smoothfilter.map.smsg.


